{
  "RSpec": {
    "coverage": {
      "/Users/kavitak/makers_academy/oystercard2/spec/feature_spec.rb": [
        null,
        null,
        null,
        null,
        null,
        null,
        null,
        null
      ],
      "/Users/kavitak/makers_academy/oystercard2/spec/journey_spec.rb": [
        1,
        null,
        null,
        null,
        1,
        null,
        4,
        1,
        3,
        null,
        1,
        1,
        null,
        1,
        1,
        1,
        null,
        1,
        1,
        1,
        null,
        null,
        null
      ],
      "/Users/kavitak/makers_academy/oystercard2/lib/journey.rb": [
        1,
        null,
        1,
        null,
        1,
        3,
        3,
        null,
        null,
        1,
        2,
        2,
        null,
        null,
        1,
        1,
        null,
        null,
        null
      ],
      "/Users/kavitak/makers_academy/oystercard2/spec/oystercard_spec.rb": [
        1,
        null,
        1,
        22,
        11,
        8,
        1,
        2,
        2,
        2,
        2,
        2,
        null,
        null,
        1,
        1,
        null,
        null,
        1,
        1,
        4,
        null,
        null,
        null,
        1,
        1,
        1,
        2,
        null,
        null,
        1,
        1,
        1,
        null,
        1,
        1,
        1,
        1,
        null,
        1,
        1,
        1,
        1,
        1,
        null,
        null,
        null,
        1,
        1,
        1,
        1,
        null,
        1,
        2,
        null,
        1,
        1,
        1,
        2,
        null,
        1,
        1,
        1,
        1,
        null,
        null,
        null,
        1,
        1,
        1,
        null,
        1,
        1,
        1,
        4,
        null,
        1,
        1,
        1,
        1,
        1,
        null,
        1,
        1,
        1,
        1,
        null,
        null,
        null,
        1,
        1,
        1,
        null,
        1,
        1,
        1,
        1,
        1,
        null,
        null,
        null
      ],
      "/Users/kavitak/makers_academy/oystercard2/lib/oystercard.rb": [
        1,
        null,
        1,
        null,
        1,
        1,
        null,
        1,
        21,
        21,
        21,
        null,
        null,
        1,
        12,
        11,
        null,
        null,
        1,
        10,
        8,
        8,
        null,
        null,
        1,
        2,
        null,
        null,
        1,
        7,
        7,
        7,
        null,
        null,
        1,
        1,
        null,
        null,
        1,
        null,
        1,
        7,
        null,
        null,
        null
      ],
      "/Users/kavitak/makers_academy/oystercard2/spec/station_spec.rb": [
        1,
        null,
        1,
        3,
        null,
        null,
        1,
        1,
        null,
        null,
        1,
        1,
        null,
        null
      ],
      "/Users/kavitak/makers_academy/oystercard2/lib/station.rb": [
        1,
        1,
        null,
        1,
        2,
        2,
        null,
        null
      ]
    },
    "timestamp": 1495032936
  }
}
